2024-02-18 16:45:35.995 [main] DEBUG org.springframework.test.context.support.DefaultTestContextBootstrapper - Using ContextCustomizerFactory implementations for test class [StepDefinition]: [MockServerContainerContextCustomizerFactory, DynamicPropertiesContextCustomizerFactory]
2024-02-18 16:45:36.052 [main] DEBUG org.springframework.test.context.support.DefaultTestContextBootstrapper - Using ContextCustomizers for test class [StepDefinition]: []
2024-02-18 16:45:36.092 [main] DEBUG org.springframework.test.context.util.TestContextSpringFactoriesUtils - Skipping candidate TestExecutionListener [org.springframework.test.context.web.ServletTestExecutionListener] due to a missing dependency. Specify custom TestExecutionListener classes or make the default TestExecutionListener classes and their required dependencies available. Offending class: jakarta/servlet/ServletContext
2024-02-18 16:45:36.102 [main] DEBUG org.springframework.test.context.util.TestContextSpringFactoriesUtils - Skipping candidate TestExecutionListener [org.springframework.test.context.observation.MicrometerObservationRegistryTestExecutionListener] due to a missing dependency. Specify custom TestExecutionListener classes or make the default TestExecutionListener classes and their required dependencies available. Offending class: io.micrometer.context.ThreadLocalAccessor. MicrometerObservationRegistryTestExecutionListener requires io.micrometer:micrometer-observation:1.10.8 or higher and io.micrometer:context-propagation:1.0.3 or higher.
2024-02-18 16:45:36.106 [main] DEBUG org.springframework.test.context.util.TestContextSpringFactoriesUtils - Skipping candidate TestExecutionListener [org.springframework.test.context.transaction.TransactionalTestExecutionListener] due to a missing dependency. Specify custom TestExecutionListener classes or make the default TestExecutionListener classes and their required dependencies available. Offending class: org/springframework/transaction/interceptor/TransactionAttributeSource
2024-02-18 16:45:36.110 [main] DEBUG org.springframework.test.context.util.TestContextSpringFactoriesUtils - Skipping candidate TestExecutionListener [org.springframework.test.context.jdbc.SqlScriptsTestExecutionListener] due to a missing dependency. Specify custom TestExecutionListener classes or make the default TestExecutionListener classes and their required dependencies available. Offending class: org/springframework/transaction/interceptor/TransactionAttribute
2024-02-18 16:45:36.113 [main] DEBUG org.springframework.test.context.support.DefaultTestContextBootstrapper - Using TestExecutionListeners for test class [StepDefinition]: [DirtiesContextBeforeModesTestExecutionListener, ApplicationEventsTestExecutionListener, DependencyInjectionTestExecutionListener, DirtiesContextTestExecutionListener, EventPublishingTestExecutionListener]
2024-02-18 16:45:36.116 [main] DEBUG org.springframework.test.context.support.AbstractGenericContextLoader - Loading ApplicationContext for test class automation.glue.StepDefinition
2024-02-18 16:45:36.284 [main] DEBUG org.springframework.core.env.StandardEnvironment - Activating profiles []
2024-02-18 16:45:36.291 [main] DEBUG org.springframework.test.context.support.AnnotationConfigContextLoader - Registering component classes: [automation.config.AutomationSpringFrameworkConfig]
2024-02-18 16:45:36.366 [main] DEBUG org.springframework.context.support.GenericApplicationContext - Refreshing org.springframework.context.support.GenericApplicationContext@6b410923
2024-02-18 16:45:36.417 [main] DEBUG org.springframework.beans.factory.support.DefaultListableBeanFactory - Creating shared instance of singleton bean 'org.springframework.context.annotation.internalConfigurationAnnotationProcessor'
2024-02-18 16:45:36.705 [main] DEBUG org.springframework.context.annotation.ClassPathBeanDefinitionScanner - Identified candidate component class: file [C:\Projects\AutomationFramework\HybridFramework\target\classes\automation\Utils\ConfigurationProperties.class]
2024-02-18 16:45:37.064 [main] DEBUG org.springframework.beans.factory.support.DefaultListableBeanFactory - Creating shared instance of singleton bean 'org.springframework.context.event.internalEventListenerProcessor'
2024-02-18 16:45:37.082 [main] DEBUG org.springframework.beans.factory.support.DefaultListableBeanFactory - Creating shared instance of singleton bean 'org.springframework.context.event.internalEventListenerFactory'
2024-02-18 16:45:37.091 [main] DEBUG org.springframework.beans.factory.support.DefaultListableBeanFactory - Creating shared instance of singleton bean 'org.springframework.context.annotation.internalAutowiredAnnotationProcessor'
2024-02-18 16:45:37.105 [main] DEBUG org.springframework.beans.factory.support.DefaultListableBeanFactory - Creating shared instance of singleton bean 'automationSpringFrameworkConfig'
2024-02-18 16:45:37.117 [main] DEBUG org.springframework.beans.factory.support.DefaultListableBeanFactory - Creating shared instance of singleton bean 'configurationProperties'
2024-02-18 16:45:37.140 [main] DEBUG org.springframework.core.env.PropertySourcesPropertyResolver - Found key 'browserName' in PropertySource 'class path resource [config.properties]' with value of type String
2024-02-18 16:45:37.151 [main] DEBUG org.springframework.core.env.PropertySourcesPropertyResolver - Found key 'url' in PropertySource 'class path resource [config.properties]' with value of type String
2024-02-18 16:45:37.153 [main] DEBUG org.springframework.core.env.PropertySourcesPropertyResolver - Found key 'swaglabsLogo' in PropertySource 'class path resource [config.properties]' with value of type String
2024-02-18 16:45:37.154 [main] DEBUG org.springframework.core.env.PropertySourcesPropertyResolver - Found key 'orderMessage' in PropertySource 'class path resource [config.properties]' with value of type String
2024-02-18 16:45:37.155 [main] DEBUG org.springframework.core.env.PropertySourcesPropertyResolver - Found key 'firstName' in PropertySource 'class path resource [config.properties]' with value of type String
2024-02-18 16:45:37.157 [main] DEBUG org.springframework.core.env.PropertySourcesPropertyResolver - Found key 'lastName' in PropertySource 'class path resource [config.properties]' with value of type String
2024-02-18 16:45:37.158 [main] DEBUG org.springframework.core.env.PropertySourcesPropertyResolver - Found key 'zip' in PropertySource 'class path resource [config.properties]' with value of type String
2024-02-18 16:45:37.201 [main] DEBUG org.springframework.test.context.cache - Spring test ApplicationContext cache statistics: [DefaultContextCache@64b7225f size = 1, maxSize = 32, parentContextCount = 0, hitCount = 0, missCount = 1, failureCount = 0]
2024-02-18 16:45:37.211 [main] DEBUG org.springframework.test.context.cache - Spring test ApplicationContext cache statistics: [DefaultContextCache@64b7225f size = 1, maxSize = 32, parentContextCount = 0, hitCount = 1, missCount = 1, failureCount = 0]
2024-02-18 16:45:37.218 [main] DEBUG org.springframework.test.context.support.DirtiesContextBeforeModesTestExecutionListener - Before test class: class [StepDefinition], class annotated with @DirtiesContext [false] with mode [null]
2024-02-18 16:45:37.220 [main] DEBUG org.springframework.test.context.cache - Spring test ApplicationContext cache statistics: [DefaultContextCache@64b7225f size = 1, maxSize = 32, parentContextCount = 0, hitCount = 2, missCount = 1, failureCount = 0]
2024-02-18 16:45:37.470 [main] DEBUG org.springframework.test.context.support.DependencyInjectionTestExecutionListener - Performing dependency injection for test class automation.glue.StepDefinition
2024-02-18 16:45:37.472 [main] DEBUG org.springframework.test.context.cache - Spring test ApplicationContext cache statistics: [DefaultContextCache@64b7225f size = 1, maxSize = 32, parentContextCount = 0, hitCount = 3, missCount = 1, failureCount = 0]
2024-02-18 16:45:37.519 [main] DEBUG org.springframework.test.context.cache - Spring test ApplicationContext cache statistics: [DefaultContextCache@64b7225f size = 1, maxSize = 32, parentContextCount = 0, hitCount = 4, missCount = 1, failureCount = 0]
2024-02-18 16:45:37.524 [main] DEBUG org.springframework.test.context.support.DirtiesContextBeforeModesTestExecutionListener - Before test method: class [StepDefinition], method [cucumberDoesNotHaveASingleTestMethod], class annotated with @DirtiesContext [false] with mode [null], method annotated with @DirtiesContext [false] with mode [null]
2024-02-18 16:45:37.530 [main] DEBUG org.springframework.test.context.cache - Spring test ApplicationContext cache statistics: [DefaultContextCache@64b7225f size = 1, maxSize = 32, parentContextCount = 0, hitCount = 5, missCount = 1, failureCount = 0]
2024-02-18 16:45:37.538 [main] DEBUG org.springframework.test.context.cache - Spring test ApplicationContext cache statistics: [DefaultContextCache@64b7225f size = 1, maxSize = 32, parentContextCount = 0, hitCount = 6, missCount = 1, failureCount = 0]
2024-02-18 16:45:43.696 [main] INFO  automation.Utils.LogUtil - Testing the login functionality with valid credentials has started !!
2024-02-18 16:45:44.380 [main] INFO  automation.Utils.LogUtil - Navigating to the https://www.saucedemo.com/
2024-02-18 16:45:50.197 [main] DEBUG org.springframework.test.context.cache - Spring test ApplicationContext cache statistics: [DefaultContextCache@64b7225f size = 1, maxSize = 32, parentContextCount = 0, hitCount = 7, missCount = 1, failureCount = 0]
2024-02-18 16:45:50.204 [main] DEBUG org.springframework.test.context.cache - Spring test ApplicationContext cache statistics: [DefaultContextCache@64b7225f size = 1, maxSize = 32, parentContextCount = 0, hitCount = 8, missCount = 1, failureCount = 0]
2024-02-18 16:45:50.207 [main] DEBUG org.springframework.test.context.support.DirtiesContextTestExecutionListener - After test method: class [StepDefinition], method [cucumberDoesNotHaveASingleTestMethod], class annotated with @DirtiesContext [false] with mode [null], method annotated with @DirtiesContext [false] with mode [null]
2024-02-18 16:45:50.215 [main] DEBUG org.springframework.test.context.cache - Spring test ApplicationContext cache statistics: [DefaultContextCache@64b7225f size = 1, maxSize = 32, parentContextCount = 0, hitCount = 9, missCount = 1, failureCount = 0]
2024-02-18 16:45:50.216 [main] DEBUG org.springframework.test.context.support.DirtiesContextTestExecutionListener - After test class: class [StepDefinition], class annotated with @DirtiesContext [false] with mode [null]
2024-02-18 16:45:50.258 [main] DEBUG org.springframework.test.context.support.DefaultTestContextBootstrapper - Using ContextCustomizerFactory implementations for test class [StepDefinition]: [MockServerContainerContextCustomizerFactory, DynamicPropertiesContextCustomizerFactory]
2024-02-18 16:45:50.259 [main] DEBUG org.springframework.test.context.support.DefaultTestContextBootstrapper - Using ContextCustomizers for test class [StepDefinition]: []
2024-02-18 16:45:50.262 [main] DEBUG org.springframework.test.context.util.TestContextSpringFactoriesUtils - Skipping candidate TestExecutionListener [org.springframework.test.context.web.ServletTestExecutionListener] due to a missing dependency. Specify custom TestExecutionListener classes or make the default TestExecutionListener classes and their required dependencies available. Offending class: jakarta/servlet/ServletContext
2024-02-18 16:45:50.263 [main] DEBUG org.springframework.test.context.util.TestContextSpringFactoriesUtils - Skipping candidate TestExecutionListener [org.springframework.test.context.observation.MicrometerObservationRegistryTestExecutionListener] due to a missing dependency. Specify custom TestExecutionListener classes or make the default TestExecutionListener classes and their required dependencies available. Offending class: io.micrometer.context.ThreadLocalAccessor. MicrometerObservationRegistryTestExecutionListener requires io.micrometer:micrometer-observation:1.10.8 or higher and io.micrometer:context-propagation:1.0.3 or higher.
2024-02-18 16:45:50.265 [main] DEBUG org.springframework.test.context.util.TestContextSpringFactoriesUtils - Skipping candidate TestExecutionListener [org.springframework.test.context.transaction.TransactionalTestExecutionListener] due to a missing dependency. Specify custom TestExecutionListener classes or make the default TestExecutionListener classes and their required dependencies available. Offending class: org/springframework/transaction/interceptor/TransactionAttributeSource
2024-02-18 16:45:50.267 [main] DEBUG org.springframework.test.context.util.TestContextSpringFactoriesUtils - Skipping candidate TestExecutionListener [org.springframework.test.context.jdbc.SqlScriptsTestExecutionListener] due to a missing dependency. Specify custom TestExecutionListener classes or make the default TestExecutionListener classes and their required dependencies available. Offending class: org/springframework/transaction/interceptor/TransactionAttribute
2024-02-18 16:45:50.267 [main] DEBUG org.springframework.test.context.support.DefaultTestContextBootstrapper - Using TestExecutionListeners for test class [StepDefinition]: [DirtiesContextBeforeModesTestExecutionListener, ApplicationEventsTestExecutionListener, DependencyInjectionTestExecutionListener, DirtiesContextTestExecutionListener, EventPublishingTestExecutionListener]
2024-02-18 16:45:50.268 [main] DEBUG org.springframework.test.context.cache - Spring test ApplicationContext cache statistics: [DefaultContextCache@64b7225f size = 1, maxSize = 32, parentContextCount = 0, hitCount = 10, missCount = 1, failureCount = 0]
2024-02-18 16:45:50.272 [main] DEBUG org.springframework.test.context.cache - Spring test ApplicationContext cache statistics: [DefaultContextCache@64b7225f size = 1, maxSize = 32, parentContextCount = 0, hitCount = 11, missCount = 1, failureCount = 0]
2024-02-18 16:45:50.275 [main] DEBUG org.springframework.test.context.support.DirtiesContextBeforeModesTestExecutionListener - Before test class: class [StepDefinition], class annotated with @DirtiesContext [false] with mode [null]
2024-02-18 16:45:50.277 [main] DEBUG org.springframework.test.context.cache - Spring test ApplicationContext cache statistics: [DefaultContextCache@64b7225f size = 1, maxSize = 32, parentContextCount = 0, hitCount = 12, missCount = 1, failureCount = 0]
2024-02-18 16:45:50.280 [main] DEBUG org.springframework.test.context.support.DependencyInjectionTestExecutionListener - Performing dependency injection for test class automation.glue.StepDefinition
2024-02-18 16:45:50.282 [main] DEBUG org.springframework.test.context.cache - Spring test ApplicationContext cache statistics: [DefaultContextCache@64b7225f size = 1, maxSize = 32, parentContextCount = 0, hitCount = 13, missCount = 1, failureCount = 0]
2024-02-18 16:45:50.284 [main] DEBUG org.springframework.test.context.cache - Spring test ApplicationContext cache statistics: [DefaultContextCache@64b7225f size = 1, maxSize = 32, parentContextCount = 0, hitCount = 14, missCount = 1, failureCount = 0]
2024-02-18 16:45:50.286 [main] DEBUG org.springframework.test.context.support.DirtiesContextBeforeModesTestExecutionListener - Before test method: class [StepDefinition], method [cucumberDoesNotHaveASingleTestMethod], class annotated with @DirtiesContext [false] with mode [null], method annotated with @DirtiesContext [false] with mode [null]
2024-02-18 16:45:50.289 [main] DEBUG org.springframework.test.context.cache - Spring test ApplicationContext cache statistics: [DefaultContextCache@64b7225f size = 1, maxSize = 32, parentContextCount = 0, hitCount = 15, missCount = 1, failureCount = 0]
2024-02-18 16:45:50.292 [main] DEBUG org.springframework.test.context.cache - Spring test ApplicationContext cache statistics: [DefaultContextCache@64b7225f size = 1, maxSize = 32, parentContextCount = 0, hitCount = 16, missCount = 1, failureCount = 0]
2024-02-18 16:45:53.895 [main] INFO  automation.Utils.LogUtil - Testing the purchase of one Sauce Labs Backpack has started !!
2024-02-18 16:45:54.914 [main] INFO  automation.Utils.LogUtil - Navigating to the https://www.saucedemo.com/
2024-02-18 16:45:58.638 [main] DEBUG org.springframework.test.context.cache - Spring test ApplicationContext cache statistics: [DefaultContextCache@64b7225f size = 1, maxSize = 32, parentContextCount = 0, hitCount = 17, missCount = 1, failureCount = 0]
2024-02-18 16:45:58.639 [main] DEBUG org.springframework.test.context.cache - Spring test ApplicationContext cache statistics: [DefaultContextCache@64b7225f size = 1, maxSize = 32, parentContextCount = 0, hitCount = 18, missCount = 1, failureCount = 0]
2024-02-18 16:45:58.640 [main] DEBUG org.springframework.test.context.support.DirtiesContextTestExecutionListener - After test method: class [StepDefinition], method [cucumberDoesNotHaveASingleTestMethod], class annotated with @DirtiesContext [false] with mode [null], method annotated with @DirtiesContext [false] with mode [null]
2024-02-18 16:45:58.641 [main] DEBUG org.springframework.test.context.cache - Spring test ApplicationContext cache statistics: [DefaultContextCache@64b7225f size = 1, maxSize = 32, parentContextCount = 0, hitCount = 19, missCount = 1, failureCount = 0]
2024-02-18 16:45:58.642 [main] DEBUG org.springframework.test.context.support.DirtiesContextTestExecutionListener - After test class: class [StepDefinition], class annotated with @DirtiesContext [false] with mode [null]
